Flutter crash report.
Please report a bug at https://github.com/flutter/flutter/issues.

## command

flutter test test/features/settings/application/app_settings_controller_test.dart

## exception

PathExistsException: PathExistsException: Cannot copy file to 'C:\Ryan Projects\Workout App Rewrite\build\unit_test_assets\NativeAssetsManifest.json', path = 'C:\Ryan Projects\Workout App Rewrite\build\native_assets\windows\native_assets.json' (OS Error: Cannot create a file when that file already exists, errno = 183)

```
#0      _checkForErrorResponse (dart:io/common.dart:58:9)
#1      _File.copy.<anonymous closure> (dart:io/file_impl.dart:410:7)
#2      _rootRunUnary (dart:async/zone.dart:1538:47)
#3      _CustomZone.runUnary (dart:async/zone.dart:1429:19)
<asynchronous suspension>
#4      ForwardingFile.copy (package:file/src/forwarding/forwarding_file.dart:29:51)
<asynchronous suspension>
#5      ForwardingFile.copy (package:file/src/forwarding/forwarding_file.dart:29:51)
<asynchronous suspension>
#6      TestCommand.runCommand (package:flutter_tools/src/commands/test.dart:494:7)
<asynchronous suspension>
#7      FlutterCommand.run.<anonymous closure> (package:flutter_tools/src/runner/flutter_command.dart:1559:27)
<asynchronous suspension>
#8      AppContext.run.<anonymous closure> (package:flutter_tools/src/base/context.dart:154:19)
<asynchronous suspension>
#9      CommandRunner.runCommand (package:args/command_runner.dart:212:13)
<asynchronous suspension>
#10     FlutterCommandRunner.runCommand.<anonymous closure> (package:flutter_tools/src/runner/flutter_command_runner.dart:487:9)
<asynchronous suspension>
#11     AppContext.run.<anonymous closure> (package:flutter_tools/src/base/context.dart:154:19)
<asynchronous suspension>
#12     FlutterCommandRunner.runCommand (package:flutter_tools/src/runner/flutter_command_runner.dart:422:5)
<asynchronous suspension>
#13     run.<anonymous closure>.<anonymous closure> (package:flutter_tools/runner.dart:104:11)
<asynchronous suspension>
#14     AppContext.run.<anonymous closure> (package:flutter_tools/src/base/context.dart:154:19)
<asynchronous suspension>
#15     main (package:flutter_tools/executable.dart:103:3)
<asynchronous suspension>
```

## flutter doctor

```
[✓] Flutter (Channel stable, 3.38.6, on Microsoft Windows [Version 10.0.26200.8457], locale en-US) [437ms]
    • Flutter version 3.38.6 on channel stable at C:\src\flutter
    • Upstream repository https://github.com/flutter/flutter.git
    • Framework revision 8b87286849 (4 months ago), 2026-01-08 10:49:17 -0800
    • Engine revision 78fc3012e4
    • Dart version 3.10.7
    • DevTools version 2.51.1
    • Feature flags: enable-web, enable-linux-desktop, enable-macos-desktop, enable-windows-desktop, enable-android, enable-ios, cli-animations, enable-native-assets, omit-legacy-version-file, enable-lldb-debugging

[✓] Windows Version (11 Home 64-bit, 25H2, 2009) [2.1s]

[✓] Android toolchain - develop for Android devices (Android SDK version 36.0.0) [4.8s]
    • Android SDK at C:\Android\Sdk
    • Emulator version unknown
    • Platform android-36, build-tools 36.0.0
    • ANDROID_HOME = C:\Android\Sdk
    • ANDROID_SDK_ROOT = C:\Android\Sdk
    • Java binary at: C:\Program Files\Microsoft\jdk-17.0.17.10-hotspot\bin\java
      This JDK is specified by the JAVA_HOME environment variable.
      To manually set the JDK path, use: `flutter config --jdk-dir="path/to/jdk"`.
    • Java version OpenJDK Runtime Environment Microsoft-12574423 (build 17.0.17+10-LTS)
    • All Android licenses accepted.

[✓] Chrome - develop for the web [354ms]
    • Chrome at C:\Program Files\Google\Chrome\Application\chrome.exe

[✓] Visual Studio - develop Windows apps (Visual Studio Build Tools 2022 17.14.23) [351ms]
    • Visual Studio at C:\Program Files (x86)\Microsoft Visual Studio\2022\BuildTools
    • Visual Studio Build Tools 2022 version 17.14.36811.4
    • Windows 10 SDK version 10.0.26100.0

[✓] Connected device (3 available) [556ms]
    • Windows (desktop) • windows • windows-x64    • Microsoft Windows [Version 10.0.26200.8457]
    • Chrome (web)      • chrome  • web-javascript • Google Chrome 148.0.7778.97
    • Edge (web)        • edge    • web-javascript • Microsoft Edge 148.0.3967.54

[✓] Network resources [770ms]
    • All expected network resources are available.

• No issues found!
```
